<?xml version="1.0" encoding="UTF-8"?>
<!-- Generated by org.testng.reporters.JUnitReportReporter -->
<testsuite name="test_runner.Test_Runner" tests="1" time="42.846" ignored="0" failures="0" timestamp="08 Aug 2019 04:08:36 GMT" skipped="0" hostname="del1-lhp-n65294" errors="0">
  <testcase name="feature" time="42.846" classname="test_runner.Test_Runner"/>
</testsuite> <!-- test_runner.Test_Runner -->
