<?xml version="1.0" encoding="UTF-8"?>
<!-- Generated by org.testng.reporters.JUnitReportReporter -->
<testsuite skipped="0" hostname="del1-lhp-n65294" name="satyam.mandal.NewTest" tests="2" failures="0" timestamp="06 Aug 2019 07:13:23 GMT" time="0.078" errors="0">
  <testcase name="fun2" time="0.016" classname="satyam.mandal.NewTest"/>
  <testcase name="fun1" time="0.062" classname="satyam.mandal.NewTest"/>
</testsuite> <!-- satyam.mandal.NewTest -->
