<?xml version="1.0" encoding="UTF-8"?>
<!-- Generated by org.testng.reporters.JUnitReportReporter -->
<testsuite skipped="0" hostname="del1-lhp-n65294" name="testrunner_pkg.testrunner" tests="1" failures="0" timestamp="07 Aug 2019 09:15:55 GMT" time="20.906" errors="0">
  <testcase name="feature" time="20.906" classname="testrunner_pkg.testrunner"/>
</testsuite> <!-- testrunner_pkg.testrunner -->
