<?xml version="1.0" encoding="UTF-8"?>
<!-- Generated by org.testng.reporters.JUnitReportReporter -->
<testsuite skipped="0" hostname="del1-lhp-n65294" name="satyam.mandal.NewTest" tests="1" failures="0" timestamp="06 Aug 2019 11:46:42 GMT" time="10.918" errors="0">
  <testcase name="fiat" time="10.918" classname="satyam.mandal.NewTest"/>
</testsuite> <!-- satyam.mandal.NewTest -->
