<?xml version="1.0" encoding="UTF-8"?>
<!-- Generated by org.testng.reporters.JUnitReportReporter -->
<testsuite skipped="0" hostname="del1-lhp-n65294" name="satyam.mandal.testng.TestNG_1" tests="3" failures="0" timestamp="02 Aug 2019 08:53:28 GMT" time="0.000" errors="0">
  <testcase name="a" time="0.000" classname="satyam.mandal.testng.TestNG_1"/>
  <testcase name="h" time="0.000" classname="satyam.mandal.testng.TestNG_1"/>
  <testcase name="g" time="0.000" classname="satyam.mandal.testng.TestNG_1"/>
</testsuite> <!-- satyam.mandal.testng.TestNG_1 -->
