<?xml version="1.0" encoding="UTF-8"?>
<!-- Generated by org.testng.reporters.JUnitReportReporter -->
<testsuite skipped="0" hostname="del1-lhp-n65294" name="satyam.mandal.NewTest_HUB_codes" tests="1" failures="0" timestamp="08 Aug 2019 05:51:04 GMT" time="13.549" errors="0">
  <testcase name="test1" time="13.549" classname="satyam.mandal.NewTest_HUB_codes"/>
</testsuite> <!-- satyam.mandal.NewTest_HUB_codes -->
